// 重构日志: 98defd47
// 重构日志: 4e9ee8da
// 重构日志: d8054a5c
// 重构日志: 87dec463
// 重构日志: 8767e68d
// 重构日志: e3851bb3
// 重构日志: 63e0b666
// 重构日志: aeb01af7
// 重构日志: 2a177bd4
// 重构日志: f336ecd7
// 重构日志: 6fedcc98
// 重构日志: 16b80125
// 重构日志: 82e6ebd7
// 同步 ID: 43af215f @ Fri Jun 26 13:38:49 UTC 2026
// 重构日志: b92786b2
// 重构日志: b8ca8794
// 重构日志: 41a84320
// 重构日志: 0d6b1188
// 重构日志: f5edf67b
// 重构日志: 85988f5d
// 重构日志: d4e63a1e
// 重构日志: 223d6e66
// 同步 ID: 374758a7 @ Wed Jul  1 17:44:03 UTC 2026
// 重构日志: f382985b
// 重构日志: d2916fe7
// 重构日志: 45590d33
// 同步 ID: 0ba9c8d0 @ Fri Jul  3 15:14:42 UTC 2026
// 重构日志: fa41ed05
// 重构日志: dcaa39a5
// 同步 ID: d68a05c2 @ Sat Jul  4 11:18:49 UTC 2026
